<?xml version="1.0" encoding="UTF-8"?>
<!-- Generated by org.testng.reporters.JUnitReportReporter -->
<testsuite hostname="hp" failures="0" tests="2" name="testCases.TC08_LogOut" time="5.493" errors="0" timestamp="2025-02-05T06:49:43 IST" skipped="0">
  <testcase classname="testCases.TC08_LogOut" name="log" time="4.731"/>
  <testcase classname="testCases.TC08_LogOut" name="log1" time="0.762"/>
</testsuite> <!-- testCases.TC08_LogOut -->
