<?xml version="1.0" encoding="UTF-8"?>
<!-- Generated by org.testng.reporters.JUnitReportReporter -->
<testsuite hostname="hp" failures="0" tests="1" name="testCases.TC06_BookedIternary" time="22.000" errors="0" timestamp="2025-02-05T06:49:43 IST" skipped="0">
  <testcase classname="testCases.TC06_BookedIternary" name="iternary" time="22.000"/>
</testsuite> <!-- testCases.TC06_BookedIternary -->
