<?xml version="1.0" encoding="UTF-8"?>
<!-- Generated by org.testng.reporters.JUnitReportReporter -->
<testsuite hostname="hp" failures="0" tests="1" name="testCases.TC04_SearchHotel" time="24.171" errors="0" timestamp="2025-01-31T20:34:34 IST" skipped="0">
  <testcase classname="testCases.TC04_SearchHotel" name="register" time="24.171"/>
</testsuite> <!-- testCases.TC04_SearchHotel -->
