<?xml version="1.0" encoding="UTF-8"?>
<!-- Generated by org.testng.reporters.JUnitReportReporter -->
<testsuite hostname="hp" failures="0" tests="1" name="testCases.TC02_BookHotel" time="32.165" errors="0" timestamp="2025-01-31T20:09:59 IST" skipped="0">
  <testcase classname="testCases.TC02_BookHotel" name="register" time="32.165"/>
</testsuite> <!-- testCases.TC02_BookHotel -->
