<?xml version="1.0" encoding="UTF-8"?>
<!-- Generated by org.testng.reporters.JUnitReportReporter -->
<testsuite hostname="hp" failures="0" tests="1" name="testCases.TC03_SearchHotel" time="25.623" errors="0" timestamp="2025-02-05T06:49:43 IST" skipped="0">
  <testcase classname="testCases.TC03_SearchHotel" name="search" time="25.623"/>
</testsuite> <!-- testCases.TC03_SearchHotel -->
